# JRE version: OpenJDK Runtime Environment Temurin-21.0.8+9 (21.0.8+9) (build 21.0.8+9-LTS)
# Java VM: OpenJDK 64-Bit Server VM Temurin-21.0.8+9 (21.0.8+9-LTS, mixed mode, sharing, tiered, compressed oops, compressed class ptrs, parallel gc, windows-amd64)
GC Precious Log:
 CardTable entry size: 512
 CPUs: 12 total, 12 available
 Memory: 16234M
 Large Page Support: Disabled
 NUMA Support: Disabled
 Compressed Oops: Enabled (32-bit)
 Alignments: Space 512K, Generation 512K, Heap 2M
 Heap Min Capacity: 100M
 Heap Initial Capacity: 100M
 Heap Max Capacity: 2G
 Pre-touch: Disabled
 Parallel Workers: 10
Heap:
 PSYoungGen      total 9216K, used 2626K [0x00000000d5580000, 0x00000000d6580000, 0x0000000100000000)
  eden space 7680K, 15% used [0x00000000d5580000,0x00000000d56b2468,0x00000000d5d00000)
  from space 1536K, 91% used [0x00000000d5e80000,0x00000000d5fde778,0x00000000d6000000)
  to   space 3072K, 0% used [0x00000000d6280000,0x00000000d6280000,0x00000000d6580000)
 ParOldGen       total 751104K, used 750770K [0x0000000080000000, 0x00000000add80000, 0x00000000d5580000)
  object space 751104K, 99% used [0x0000000080000000,0x00000000add2ca20,0x00000000add80000)
 Metaspace       used 79113K, committed 80704K, reserved 1179648K
  class space    used 9731K, committed 10432K, reserved 1048576K
GC Heap History (20 events):
Event: 261.358 GC heap before
{Heap before GC invocations=3427 (full 4):
 PSYoungGen      total 6656K, used 6646K [0x00000000d5580000, 0x00000000d6680000, 0x0000000100000000)
  eden space 3584K, 100% used [0x00000000d5580000,0x00000000d5900000,0x00000000d5900000)
  from space 3072K, 99% used [0x00000000d5900000,0x00000000d5bfd888,0x00000000d5c00000)
  to   space 6656K, 0% used [0x00000000d6000000,0x00000000d6000000,0x00000000d6680000)
 ParOldGen       total 710656K, used 710279K [0x0000000080000000, 0x00000000ab600000, 0x00000000d5580000)
  object space 710656K, 99% used [0x0000000080000000,0x00000000ab5a1d30,0x00000000ab600000)
 Metaspace       used 78774K, committed 80448K, reserved 1179648K
  class space    used 9687K, committed 10432K, reserved 1048576K
}
Event: 261.364 GC heap after
{Heap after GC invocations=3427 (full 4):
 PSYoungGen      total 7168K, used 2371K [0x00000000d5580000, 0x00000000d6280000, 0x0000000100000000)
  eden space 4608K, 0% used [0x00000000d5580000,0x00000000d5580000,0x00000000d5a00000)
  from space 2560K, 92% used [0x00000000d6000000,0x00000000d6250df8,0x00000000d6280000)
  to   space 3584K, 0% used [0x00000000d5b80000,0x00000000d5b80000,0x00000000d5f00000)
 ParOldGen       total 711168K, used 711083K [0x0000000080000000, 0x00000000ab680000, 0x00000000d5580000)
  object space 711168K, 99% used [0x0000000080000000,0x00000000ab66af70,0x00000000ab680000)
 Metaspace       used 78774K, committed 80448K, reserved 1179648K
  class space    used 9687K, committed 10432K, reserved 1048576K
}
Event: 261.397 GC heap before
{Heap before GC invocations=3428 (full 4):
 PSYoungGen      total 7168K, used 6979K [0x00000000d5580000, 0x00000000d6280000, 0x0000000100000000)
  eden space 4608K, 100% used [0x00000000d5580000,0x00000000d5a00000,0x00000000d5a00000)
  from space 2560K, 92% used [0x00000000d6000000,0x00000000d6250df8,0x00000000d6280000)
  to   space 3584K, 0% used [0x00000000d5b80000,0x00000000d5b80000,0x00000000d5f00000)
 ParOldGen       total 711168K, used 711083K [0x0000000080000000, 0x00000000ab680000, 0x00000000d5580000)
  object space 711168K, 99% used [0x0000000080000000,0x00000000ab66af70,0x00000000ab680000)
 Metaspace       used 78774K, committed 80448K, reserved 1179648K
  class space    used 9687K, committed 10432K, reserved 1048576K
}
Event: 261.406 GC heap after
{Heap after GC invocations=3428 (full 4):
 PSYoungGen      total 9216K, used 3563K [0x00000000d5580000, 0x00000000d6a00000, 0x0000000100000000)
  eden space 5632K, 0% used [0x00000000d5580000,0x00000000d5580000,0x00000000d5b00000)
  from space 3584K, 99% used [0x00000000d5b80000,0x00000000d5efaf10,0x00000000d5f00000)
  to   space 7680K, 0% used [0x00000000d6280000,0x00000000d6280000,0x00000000d6a00000)
 ParOldGen       total 714752K, used 714391K [0x0000000080000000, 0x00000000aba00000, 0x00000000d5580000)
  object space 714752K, 99% used [0x0000000080000000,0x00000000ab9a5d68,0x00000000aba00000)
 Metaspace       used 78774K, committed 80448K, reserved 1179648K
  class space    used 9687K, committed 10432K, reserved 1048576K
}
Event: 261.436 GC heap before
{Heap before GC invocations=3429 (full 4):
 PSYoungGen      total 9216K, used 8935K [0x00000000d5580000, 0x00000000d6a00000, 0x0000000100000000)
  eden space 5632K, 95% used [0x00000000d5580000,0x00000000d5abefe0,0x00000000d5b00000)
  from space 3584K, 99% used [0x00000000d5b80000,0x00000000d5efaf10,0x00000000d5f00000)
  to   space 7680K, 0% used [0x00000000d6280000,0x00000000d6280000,0x00000000d6a00000)
 ParOldGen       total 714752K, used 714391K [0x0000000080000000, 0x00000000aba00000, 0x00000000d5580000)
  object space 714752K, 99% used [0x0000000080000000,0x00000000ab9a5d68,0x00000000aba00000)
 Metaspace       used 78774K, committed 80448K, reserved 1179648K
  class space    used 9687K, committed 10432K, reserved 1048576K
}
Event: 261.449 GC heap after
{Heap after GC invocations=3429 (full 4):
 PSYoungGen      total 13312K, used 5014K [0x00000000d5580000, 0x00000000d6880000, 0x0000000100000000)
  eden space 7168K, 0% used [0x00000000d5580000,0x00000000d5580000,0x00000000d5c80000)
  from space 6144K, 81% used [0x00000000d6280000,0x00000000d6765b20,0x00000000d6880000)
  to   space 6144K, 0% used [0x00000000d5c80000,0x00000000d5c80000,0x00000000d6280000)
 ParOldGen       total 718336K, used 717887K [0x0000000080000000, 0x00000000abd80000, 0x00000000d5580000)
  object space 718336K, 99% used [0x0000000080000000,0x00000000abd0fd68,0x00000000abd80000)
 Metaspace       used 78774K, committed 80448K, reserved 1179648K
  class space    used 9687K, committed 10432K, reserved 1048576K
}
Event: 261.922 GC heap before
{Heap before GC invocations=3430 (full 4):
 PSYoungGen      total 13312K, used 12182K [0x00000000d5580000, 0x00000000d6880000, 0x0000000100000000)
  eden space 7168K, 100% used [0x00000000d5580000,0x00000000d5c80000,0x00000000d5c80000)
  from space 6144K, 81% used [0x00000000d6280000,0x00000000d6765b20,0x00000000d6880000)
  to   space 6144K, 0% used [0x00000000d5c80000,0x00000000d5c80000,0x00000000d6280000)
 ParOldGen       total 718336K, used 717887K [0x0000000080000000, 0x00000000abd80000, 0x00000000d5580000)
  object space 718336K, 99% used [0x0000000080000000,0x00000000abd0fd68,0x00000000abd80000)
 Metaspace       used 78774K, committed 80448K, reserved 1179648K
  class space    used 9687K, committed 10432K, reserved 1048576K
}
Event: 261.932 GC heap after
{Heap after GC invocations=3430 (full 4):
 PSYoungGen      total 13312K, used 5357K [0x00000000d5580000, 0x00000000d6900000, 0x0000000100000000)
  eden space 7168K, 0% used [0x00000000d5580000,0x00000000d5580000,0x00000000d5c80000)
  from space 6144K, 87% used [0x00000000d5c80000,0x00000000d61bb530,0x00000000d6280000)
  to   space 5632K, 0% used [0x00000000d6380000,0x00000000d6380000,0x00000000d6900000)
 ParOldGen       total 721408K, used 720968K [0x0000000080000000, 0x00000000ac080000, 0x00000000d5580000)
  object space 721408K, 99% used [0x0000000080000000,0x00000000ac0123a0,0x00000000ac080000)
 Metaspace       used 78774K, committed 80448K, reserved 1179648K
  class space    used 9687K, committed 10432K, reserved 1048576K
}
Event: 262.054 GC heap before
{Heap before GC invocations=3431 (full 4):
 PSYoungGen      total 13312K, used 12525K [0x00000000d5580000, 0x00000000d6900000, 0x0000000100000000)
  eden space 7168K, 100% used [0x00000000d5580000,0x00000000d5c80000,0x00000000d5c80000)
  from space 6144K, 87% used [0x00000000d5c80000,0x00000000d61bb530,0x00000000d6280000)
  to   space 5632K, 0% used [0x00000000d6380000,0x00000000d6380000,0x00000000d6900000)
 ParOldGen       total 721408K, used 720968K [0x0000000080000000, 0x00000000ac080000, 0x00000000d5580000)
  object space 721408K, 99% used [0x0000000080000000,0x00000000ac0123a0,0x00000000ac080000)
 Metaspace       used 78774K, committed 80448K, reserved 1179648K
  class space    used 9687K, committed 10432K, reserved 1048576K
}
Event: 262.065 GC heap after
{Heap after GC invocations=3431 (full 4):
 PSYoungGen      total 10240K, used 3014K [0x00000000d5580000, 0x00000000d6680000, 0x0000000100000000)
  eden space 7168K, 0% used [0x00000000d5580000,0x00000000d5580000,0x00000000d5c80000)
  from space 3072K, 98% used [0x00000000d6380000,0x00000000d6671870,0x00000000d6680000)
  to   space 4096K, 0% used [0x00000000d5e80000,0x00000000d5e80000,0x00000000d6280000)
 ParOldGen       total 725504K, used 725080K [0x0000000080000000, 0x00000000ac480000, 0x00000000d5580000)
  object space 725504K, 99% used [0x0000000080000000,0x00000000ac4161d0,0x00000000ac480000)
 Metaspace       used 78774K, committed 80448K, reserved 1179648K
  class space    used 9687K, committed 10432K, reserved 1048576K
}
Event: 262.209 GC heap before
{Heap before GC invocations=3432 (full 4):
 PSYoungGen      total 10240K, used 10182K [0x00000000d5580000, 0x00000000d6680000, 0x0000000100000000)
  eden space 7168K, 100% used [0x00000000d5580000,0x00000000d5c80000,0x00000000d5c80000)
  from space 3072K, 98% used [0x00000000d6380000,0x00000000d6671870,0x00000000d6680000)
  to   space 4096K, 0% used [0x00000000d5e80000,0x00000000d5e80000,0x00000000d6280000)
 ParOldGen       total 725504K, used 725080K [0x0000000080000000, 0x00000000ac480000, 0x00000000d5580000)
  object space 725504K, 99% used [0x0000000080000000,0x00000000ac4161d0,0x00000000ac480000)
 Metaspace       used 78865K, committed 80512K, reserved 1179648K
  class space    used 9708K, committed 10432K, reserved 1048576K
}
Event: 262.224 GC heap after
{Heap after GC invocations=3432 (full 4):
 PSYoungGen      total 11264K, used 4095K [0x00000000d5580000, 0x00000000d6b80000, 0x0000000100000000)
  eden space 7168K, 0% used [0x00000000d5580000,0x00000000d5580000,0x00000000d5c80000)
  from space 4096K, 99% used [0x00000000d5e80000,0x00000000d627fc68,0x00000000d6280000)
  to   space 7680K, 0% used [0x00000000d6400000,0x00000000d6400000,0x00000000d6b80000)
 ParOldGen       total 728064K, used 727862K [0x0000000080000000, 0x00000000ac700000, 0x00000000d5580000)
  object space 728064K, 99% used [0x0000000080000000,0x00000000ac6cdb20,0x00000000ac700000)
 Metaspace       used 78865K, committed 80512K, reserved 1179648K
  class space    used 9708K, committed 10432K, reserved 1048576K
}
Event: 262.330 GC heap before
{Heap before GC invocations=3433 (full 4):
 PSYoungGen      total 11264K, used 11037K [0x00000000d5580000, 0x00000000d6b80000, 0x0000000100000000)
  eden space 7168K, 96% used [0x00000000d5580000,0x00000000d5c479e8,0x00000000d5c80000)
  from space 4096K, 99% used [0x00000000d5e80000,0x00000000d627fc68,0x00000000d6280000)
  to   space 7680K, 0% used [0x00000000d6400000,0x00000000d6400000,0x00000000d6b80000)
 ParOldGen       total 728064K, used 727862K [0x0000000080000000, 0x00000000ac700000, 0x00000000d5580000)
  object space 728064K, 99% used [0x0000000080000000,0x00000000ac6cdb20,0x00000000ac700000)
 Metaspace       used 78865K, committed 80512K, reserved 1179648K
  class space    used 9708K, committed 10432K, reserved 1048576K
}
Event: 262.343 GC heap after
{Heap after GC invocations=3433 (full 4):
 PSYoungGen      total 14336K, used 6684K [0x00000000d5580000, 0x00000000d6b00000, 0x0000000100000000)
  eden space 7168K, 0% used [0x00000000d5580000,0x00000000d5580000,0x00000000d5c80000)
  from space 7168K, 93% used [0x00000000d6400000,0x00000000d6a871f8,0x00000000d6b00000)
  to   space 7168K, 0% used [0x00000000d5d00000,0x00000000d5d00000,0x00000000d6400000)
 ParOldGen       total 732160K, used 731993K [0x0000000080000000, 0x00000000acb00000, 0x00000000d5580000)
  object space 732160K, 99% used [0x0000000080000000,0x00000000acad6598,0x00000000acb00000)
 Metaspace       used 78865K, committed 80512K, reserved 1179648K
  class space    used 9708K, committed 10432K, reserved 1048576K
}
Event: 262.367 GC heap before
{Heap before GC invocations=3434 (full 4):
 PSYoungGen      total 14336K, used 13852K [0x00000000d5580000, 0x00000000d6b00000, 0x0000000100000000)
  eden space 7168K, 100% used [0x00000000d5580000,0x00000000d5c80000,0x00000000d5c80000)
  from space 7168K, 93% used [0x00000000d6400000,0x00000000d6a871f8,0x00000000d6b00000)
  to   space 7168K, 0% used [0x00000000d5d00000,0x00000000d5d00000,0x00000000d6400000)
 ParOldGen       total 732160K, used 731993K [0x0000000080000000, 0x00000000acb00000, 0x00000000d5580000)
  object space 732160K, 99% used [0x0000000080000000,0x00000000acad6598,0x00000000acb00000)
 Metaspace       used 78873K, committed 80512K, reserved 1179648K
  class space    used 9709K, committed 10432K, reserved 1048576K
}
Event: 262.382 GC heap after
{Heap after GC invocations=3434 (full 4):
 PSYoungGen      total 14848K, used 6805K [0x00000000d5580000, 0x00000000d6c00000, 0x0000000100000000)
  eden space 7680K, 0% used [0x00000000d5580000,0x00000000d5580000,0x00000000d5d00000)
  from space 7168K, 94% used [0x00000000d5d00000,0x00000000d63a5670,0x00000000d6400000)
  to   space 7168K, 0% used [0x00000000d6500000,0x00000000d6500000,0x00000000d6c00000)
 ParOldGen       total 738816K, used 738600K [0x0000000080000000, 0x00000000ad180000, 0x00000000d5580000)
  object space 738816K, 99% used [0x0000000080000000,0x00000000ad14a310,0x00000000ad180000)
 Metaspace       used 78873K, committed 80512K, reserved 1179648K
  class space    used 9709K, committed 10432K, reserved 1048576K
}
Event: 262.482 GC heap before
{Heap before GC invocations=3435 (full 4):
 PSYoungGen      total 14848K, used 14485K [0x00000000d5580000, 0x00000000d6c00000, 0x0000000100000000)
  eden space 7680K, 100% used [0x00000000d5580000,0x00000000d5d00000,0x00000000d5d00000)
  from space 7168K, 94% used [0x00000000d5d00000,0x00000000d63a5670,0x00000000d6400000)
  to   space 7168K, 0% used [0x00000000d6500000,0x00000000d6500000,0x00000000d6c00000)
 ParOldGen       total 738816K, used 738600K [0x0000000080000000, 0x00000000ad180000, 0x00000000d5580000)
  object space 738816K, 99% used [0x0000000080000000,0x00000000ad14a310,0x00000000ad180000)
 Metaspace       used 78931K, committed 80512K, reserved 1179648K
  class space    used 9711K, committed 10432K, reserved 1048576K
}
Event: 262.501 GC heap after
{Heap after GC invocations=3435 (full 4):
 PSYoungGen      total 13312K, used 5568K [0x00000000d5580000, 0x00000000d6a80000, 0x0000000100000000)
  eden space 7680K, 0% used [0x00000000d5580000,0x00000000d5580000,0x00000000d5d00000)
  from space 5632K, 98% used [0x00000000d6500000,0x00000000d6a70020,0x00000000d6a80000)
  to   space 6144K, 0% used [0x00000000d5e80000,0x00000000d5e80000,0x00000000d6480000)
 ParOldGen       total 745472K, used 745322K [0x0000000080000000, 0x00000000ad800000, 0x00000000d5580000)
  object space 745472K, 99% used [0x0000000080000000,0x00000000ad7daa00,0x00000000ad800000)
 Metaspace       used 78931K, committed 80512K, reserved 1179648K
  class space    used 9711K, committed 10432K, reserved 1048576K
}
Event: 447.946 GC heap before
{Heap before GC invocations=3436 (full 4):
 PSYoungGen      total 13312K, used 13235K [0x00000000d5580000, 0x00000000d6a80000, 0x0000000100000000)
  eden space 7680K, 99% used [0x00000000d5580000,0x00000000d5cfce00,0x00000000d5d00000)
  from space 5632K, 98% used [0x00000000d6500000,0x00000000d6a70020,0x00000000d6a80000)
  to   space 6144K, 0% used [0x00000000d5e80000,0x00000000d5e80000,0x00000000d6480000)
 ParOldGen       total 745472K, used 745322K [0x0000000080000000, 0x00000000ad800000, 0x00000000d5580000)
  object space 745472K, 99% used [0x0000000080000000,0x00000000ad7daa00,0x00000000ad800000)
 Metaspace       used 79047K, committed 80640K, reserved 1179648K
  class space    used 9724K, committed 10432K, reserved 1048576K
}
Event: 447.967 GC heap after
{Heap after GC invocations=3436 (full 4):
 PSYoungGen      total 9216K, used 1401K [0x00000000d5580000, 0x00000000d6580000, 0x0000000100000000)
  eden space 7680K, 0% used [0x00000000d5580000,0x00000000d5580000,0x00000000d5d00000)
  from space 1536K, 91% used [0x00000000d5e80000,0x00000000d5fde778,0x00000000d6000000)
  to   space 3072K, 0% used [0x00000000d6280000,0x00000000d6280000,0x00000000d6580000)
 ParOldGen       total 751104K, used 750770K [0x0000000080000000, 0x00000000add80000, 0x00000000d5580000)
  object space 751104K, 99% used [0x0000000080000000,0x00000000add2ca20,0x00000000add80000)
 Metaspace       used 79047K, committed 80640K, reserved 1179648K
  class space    used 9724K, committed 10432K, reserved 1048576K
}

