# JRE version: OpenJDK Runtime Environment Temurin-21.0.8+9 (21.0.8+9) (build 21.0.8+9-LTS)
# Java VM: OpenJDK 64-Bit Server VM Temurin-21.0.8+9 (21.0.8+9-LTS, mixed mode, sharing, tiered, compressed oops, compressed class ptrs, parallel gc, windows-amd64)
GC Precious Log:
 CardTable entry size: 512
 CPUs: 12 total, 12 available
 Memory: 16234M
 Large Page Support: Disabled
 NUMA Support: Disabled
 Compressed Oops: Enabled (32-bit)
 Alignments: Space 512K, Generation 512K, Heap 2M
 Heap Min Capacity: 100M
 Heap Initial Capacity: 100M
 Heap Max Capacity: 2G
 Pre-touch: Disabled
 Parallel Workers: 10
Heap:
 PSYoungGen      total 10240K, used 4483K [0x00000000d5580000, 0x00000000d6100000, 0x0000000100000000)
  eden space 9728K, 43% used [0x00000000d5580000,0x00000000d59a8fe0,0x00000000d5f00000)
  from space 512K, 43% used [0x00000000d6000000,0x00000000d6038000,0x00000000d6080000)
  to   space 512K, 0% used [0x00000000d6080000,0x00000000d6080000,0x00000000d6100000)
 ParOldGen       total 324096K, used 190472K [0x0000000080000000, 0x0000000093c80000, 0x00000000d5580000)
  object space 324096K, 58% used [0x0000000080000000,0x000000008ba023c0,0x0000000093c80000)
 Metaspace       used 72973K, committed 74432K, reserved 1114112K
  class space    used 9097K, committed 9728K, reserved 1048576K
GC Heap History (20 events):
Event: 40.249 GC heap before
{Heap before GC invocations=195 (full 3):
 PSYoungGen      total 10240K, used 10016K [0x00000000d5580000, 0x00000000d6100000, 0x0000000100000000)
  eden space 9728K, 100% used [0x00000000d5580000,0x00000000d5f00000,0x00000000d5f00000)
  from space 512K, 56% used [0x00000000d6000000,0x00000000d6048000,0x00000000d6080000)
  to   space 512K, 0% used [0x00000000d6080000,0x00000000d6080000,0x00000000d6100000)
 ParOldGen       total 324096K, used 189502K [0x0000000080000000, 0x0000000093c80000, 0x00000000d5580000)
  object space 324096K, 58% used [0x0000000080000000,0x000000008b90fac0,0x0000000093c80000)
 Metaspace       used 71544K, committed 72960K, reserved 1114112K
  class space    used 8967K, committed 9600K, reserved 1048576K
}
Event: 40.249 GC heap after
{Heap after GC invocations=195 (full 3):
 PSYoungGen      total 10240K, used 224K [0x00000000d5580000, 0x00000000d6100000, 0x0000000100000000)
  eden space 9728K, 0% used [0x00000000d5580000,0x00000000d5580000,0x00000000d5f00000)
  from space 512K, 43% used [0x00000000d6080000,0x00000000d60b8000,0x00000000d6100000)
  to   space 512K, 0% used [0x00000000d6000000,0x00000000d6000000,0x00000000d6080000)
 ParOldGen       total 324096K, used 189574K [0x0000000080000000, 0x0000000093c80000, 0x00000000d5580000)
  object space 324096K, 58% used [0x0000000080000000,0x000000008b921ac0,0x0000000093c80000)
 Metaspace       used 71544K, committed 72960K, reserved 1114112K
  class space    used 8967K, committed 9600K, reserved 1048576K
}
Event: 40.474 GC heap before
{Heap before GC invocations=196 (full 3):
 PSYoungGen      total 10240K, used 9952K [0x00000000d5580000, 0x00000000d6100000, 0x0000000100000000)
  eden space 9728K, 100% used [0x00000000d5580000,0x00000000d5f00000,0x00000000d5f00000)
  from space 512K, 43% used [0x00000000d6080000,0x00000000d60b8000,0x00000000d6100000)
  to   space 512K, 0% used [0x00000000d6000000,0x00000000d6000000,0x00000000d6080000)
 ParOldGen       total 324096K, used 189574K [0x0000000080000000, 0x0000000093c80000, 0x00000000d5580000)
  object space 324096K, 58% used [0x0000000080000000,0x000000008b921ac0,0x0000000093c80000)
 Metaspace       used 72369K, committed 73856K, reserved 1114112K
  class space    used 9060K, committed 9728K, reserved 1048576K
}
Event: 40.475 GC heap after
{Heap after GC invocations=196 (full 3):
 PSYoungGen      total 10240K, used 504K [0x00000000d5580000, 0x00000000d6100000, 0x0000000100000000)
  eden space 9728K, 0% used [0x00000000d5580000,0x00000000d5580000,0x00000000d5f00000)
  from space 512K, 98% used [0x00000000d6000000,0x00000000d607e1a8,0x00000000d6080000)
  to   space 512K, 0% used [0x00000000d6080000,0x00000000d6080000,0x00000000d6100000)
 ParOldGen       total 324096K, used 189606K [0x0000000080000000, 0x0000000093c80000, 0x00000000d5580000)
  object space 324096K, 58% used [0x0000000080000000,0x000000008b929ac0,0x0000000093c80000)
 Metaspace       used 72369K, committed 73856K, reserved 1114112K
  class space    used 9060K, committed 9728K, reserved 1048576K
}
Event: 41.411 GC heap before
{Heap before GC invocations=197 (full 3):
 PSYoungGen      total 10240K, used 10232K [0x00000000d5580000, 0x00000000d6100000, 0x0000000100000000)
  eden space 9728K, 100% used [0x00000000d5580000,0x00000000d5f00000,0x00000000d5f00000)
  from space 512K, 98% used [0x00000000d6000000,0x00000000d607e1a8,0x00000000d6080000)
  to   space 512K, 0% used [0x00000000d6080000,0x00000000d6080000,0x00000000d6100000)
 ParOldGen       total 324096K, used 189606K [0x0000000080000000, 0x0000000093c80000, 0x00000000d5580000)
  object space 324096K, 58% used [0x0000000080000000,0x000000008b929ac0,0x0000000093c80000)
 Metaspace       used 72369K, committed 73856K, reserved 1114112K
  class space    used 9060K, committed 9728K, reserved 1048576K
}
Event: 41.411 GC heap after
{Heap after GC invocations=197 (full 3):
 PSYoungGen      total 10240K, used 320K [0x00000000d5580000, 0x00000000d6100000, 0x0000000100000000)
  eden space 9728K, 0% used [0x00000000d5580000,0x00000000d5580000,0x00000000d5f00000)
  from space 512K, 62% used [0x00000000d6080000,0x00000000d60d0000,0x00000000d6100000)
  to   space 512K, 0% used [0x00000000d6000000,0x00000000d6000000,0x00000000d6080000)
 ParOldGen       total 324096K, used 189928K [0x0000000080000000, 0x0000000093c80000, 0x00000000d5580000)
  object space 324096K, 58% used [0x0000000080000000,0x000000008b97a3a0,0x0000000093c80000)
 Metaspace       used 72369K, committed 73856K, reserved 1114112K
  class space    used 9060K, committed 9728K, reserved 1048576K
}
Event: 54.942 GC heap before
{Heap before GC invocations=198 (full 3):
 PSYoungGen      total 10240K, used 10047K [0x00000000d5580000, 0x00000000d6100000, 0x0000000100000000)
  eden space 9728K, 99% used [0x00000000d5580000,0x00000000d5effff8,0x00000000d5f00000)
  from space 512K, 62% used [0x00000000d6080000,0x00000000d60d0000,0x00000000d6100000)
  to   space 512K, 0% used [0x00000000d6000000,0x00000000d6000000,0x00000000d6080000)
 ParOldGen       total 324096K, used 189928K [0x0000000080000000, 0x0000000093c80000, 0x00000000d5580000)
  object space 324096K, 58% used [0x0000000080000000,0x000000008b97a3a0,0x0000000093c80000)
 Metaspace       used 72627K, committed 74112K, reserved 1114112K
  class space    used 9071K, committed 9728K, reserved 1048576K
}
Event: 54.943 GC heap after
{Heap after GC invocations=198 (full 3):
 PSYoungGen      total 10240K, used 352K [0x00000000d5580000, 0x00000000d6100000, 0x0000000100000000)
  eden space 9728K, 0% used [0x00000000d5580000,0x00000000d5580000,0x00000000d5f00000)
  from space 512K, 68% used [0x00000000d6000000,0x00000000d6058000,0x00000000d6080000)
  to   space 512K, 0% used [0x00000000d6080000,0x00000000d6080000,0x00000000d6100000)
 ParOldGen       total 324096K, used 189976K [0x0000000080000000, 0x0000000093c80000, 0x00000000d5580000)
  object space 324096K, 58% used [0x0000000080000000,0x000000008b9863a0,0x0000000093c80000)
 Metaspace       used 72627K, committed 74112K, reserved 1114112K
  class space    used 9071K, committed 9728K, reserved 1048576K
}
Event: 59.478 GC heap before
{Heap before GC invocations=199 (full 3):
 PSYoungGen      total 10240K, used 10080K [0x00000000d5580000, 0x00000000d6100000, 0x0000000100000000)
  eden space 9728K, 100% used [0x00000000d5580000,0x00000000d5f00000,0x00000000d5f00000)
  from space 512K, 68% used [0x00000000d6000000,0x00000000d6058000,0x00000000d6080000)
  to   space 512K, 0% used [0x00000000d6080000,0x00000000d6080000,0x00000000d6100000)
 ParOldGen       total 324096K, used 189976K [0x0000000080000000, 0x0000000093c80000, 0x00000000d5580000)
  object space 324096K, 58% used [0x0000000080000000,0x000000008b9863a0,0x0000000093c80000)
 Metaspace       used 72792K, committed 74240K, reserved 1114112K
  class space    used 9075K, committed 9728K, reserved 1048576K
}
Event: 59.479 GC heap after
{Heap after GC invocations=199 (full 3):
 PSYoungGen      total 10240K, used 320K [0x00000000d5580000, 0x00000000d6100000, 0x0000000100000000)
  eden space 9728K, 0% used [0x00000000d5580000,0x00000000d5580000,0x00000000d5f00000)
  from space 512K, 62% used [0x00000000d6080000,0x00000000d60d0000,0x00000000d6100000)
  to   space 512K, 0% used [0x00000000d6000000,0x00000000d6000000,0x00000000d6080000)
 ParOldGen       total 324096K, used 190176K [0x0000000080000000, 0x0000000093c80000, 0x00000000d5580000)
  object space 324096K, 58% used [0x0000000080000000,0x000000008b9b83c0,0x0000000093c80000)
 Metaspace       used 72792K, committed 74240K, reserved 1114112K
  class space    used 9075K, committed 9728K, reserved 1048576K
}
Event: 66.235 GC heap before
{Heap before GC invocations=200 (full 3):
 PSYoungGen      total 10240K, used 10048K [0x00000000d5580000, 0x00000000d6100000, 0x0000000100000000)
  eden space 9728K, 100% used [0x00000000d5580000,0x00000000d5f00000,0x00000000d5f00000)
  from space 512K, 62% used [0x00000000d6080000,0x00000000d60d0000,0x00000000d6100000)
  to   space 512K, 0% used [0x00000000d6000000,0x00000000d6000000,0x00000000d6080000)
 ParOldGen       total 324096K, used 190176K [0x0000000080000000, 0x0000000093c80000, 0x00000000d5580000)
  object space 324096K, 58% used [0x0000000080000000,0x000000008b9b83c0,0x0000000093c80000)
 Metaspace       used 72845K, committed 74304K, reserved 1114112K
  class space    used 9082K, committed 9728K, reserved 1048576K
}
Event: 66.236 GC heap after
{Heap after GC invocations=200 (full 3):
 PSYoungGen      total 10240K, used 288K [0x00000000d5580000, 0x00000000d6100000, 0x0000000100000000)
  eden space 9728K, 0% used [0x00000000d5580000,0x00000000d5580000,0x00000000d5f00000)
  from space 512K, 56% used [0x00000000d6000000,0x00000000d6048000,0x00000000d6080000)
  to   space 512K, 0% used [0x00000000d6080000,0x00000000d6080000,0x00000000d6100000)
 ParOldGen       total 324096K, used 190248K [0x0000000080000000, 0x0000000093c80000, 0x00000000d5580000)
  object space 324096K, 58% used [0x0000000080000000,0x000000008b9ca3c0,0x0000000093c80000)
 Metaspace       used 72845K, committed 74304K, reserved 1114112K
  class space    used 9082K, committed 9728K, reserved 1048576K
}
Event: 67.163 GC heap before
{Heap before GC invocations=201 (full 3):
 PSYoungGen      total 10240K, used 10016K [0x00000000d5580000, 0x00000000d6100000, 0x0000000100000000)
  eden space 9728K, 100% used [0x00000000d5580000,0x00000000d5f00000,0x00000000d5f00000)
  from space 512K, 56% used [0x00000000d6000000,0x00000000d6048000,0x00000000d6080000)
  to   space 512K, 0% used [0x00000000d6080000,0x00000000d6080000,0x00000000d6100000)
 ParOldGen       total 324096K, used 190248K [0x0000000080000000, 0x0000000093c80000, 0x00000000d5580000)
  object space 324096K, 58% used [0x0000000080000000,0x000000008b9ca3c0,0x0000000093c80000)
 Metaspace       used 72845K, committed 74304K, reserved 1114112K
  class space    used 9082K, committed 9728K, reserved 1048576K
}
Event: 67.164 GC heap after
{Heap after GC invocations=201 (full 3):
 PSYoungGen      total 10240K, used 288K [0x00000000d5580000, 0x00000000d6100000, 0x0000000100000000)
  eden space 9728K, 0% used [0x00000000d5580000,0x00000000d5580000,0x00000000d5f00000)
  from space 512K, 56% used [0x00000000d6080000,0x00000000d60c8000,0x00000000d6100000)
  to   space 512K, 0% used [0x00000000d6000000,0x00000000d6000000,0x00000000d6080000)
 ParOldGen       total 324096K, used 190312K [0x0000000080000000, 0x0000000093c80000, 0x00000000d5580000)
  object space 324096K, 58% used [0x0000000080000000,0x000000008b9da3c0,0x0000000093c80000)
 Metaspace       used 72845K, committed 74304K, reserved 1114112K
  class space    used 9082K, committed 9728K, reserved 1048576K
}
Event: 72.924 GC heap before
{Heap before GC invocations=202 (full 3):
 PSYoungGen      total 10240K, used 10016K [0x00000000d5580000, 0x00000000d6100000, 0x0000000100000000)
  eden space 9728K, 100% used [0x00000000d5580000,0x00000000d5f00000,0x00000000d5f00000)
  from space 512K, 56% used [0x00000000d6080000,0x00000000d60c8000,0x00000000d6100000)
  to   space 512K, 0% used [0x00000000d6000000,0x00000000d6000000,0x00000000d6080000)
 ParOldGen       total 324096K, used 190312K [0x0000000080000000, 0x0000000093c80000, 0x00000000d5580000)
  object space 324096K, 58% used [0x0000000080000000,0x000000008b9da3c0,0x0000000093c80000)
 Metaspace       used 72867K, committed 74304K, reserved 1114112K
  class space    used 9084K, committed 9728K, reserved 1048576K
}
Event: 72.924 GC heap after
{Heap after GC invocations=202 (full 3):
 PSYoungGen      total 10240K, used 288K [0x00000000d5580000, 0x00000000d6100000, 0x0000000100000000)
  eden space 9728K, 0% used [0x00000000d5580000,0x00000000d5580000,0x00000000d5f00000)
  from space 512K, 56% used [0x00000000d6000000,0x00000000d6048000,0x00000000d6080000)
  to   space 512K, 0% used [0x00000000d6080000,0x00000000d6080000,0x00000000d6100000)
 ParOldGen       total 324096K, used 190312K [0x0000000080000000, 0x0000000093c80000, 0x00000000d5580000)
  object space 324096K, 58% used [0x0000000080000000,0x000000008b9da3c0,0x0000000093c80000)
 Metaspace       used 72867K, committed 74304K, reserved 1114112K
  class space    used 9084K, committed 9728K, reserved 1048576K
}
Event: 76.337 GC heap before
{Heap before GC invocations=203 (full 3):
 PSYoungGen      total 10240K, used 10016K [0x00000000d5580000, 0x00000000d6100000, 0x0000000100000000)
  eden space 9728K, 100% used [0x00000000d5580000,0x00000000d5f00000,0x00000000d5f00000)
  from space 512K, 56% used [0x00000000d6000000,0x00000000d6048000,0x00000000d6080000)
  to   space 512K, 0% used [0x00000000d6080000,0x00000000d6080000,0x00000000d6100000)
 ParOldGen       total 324096K, used 190312K [0x0000000080000000, 0x0000000093c80000, 0x00000000d5580000)
  object space 324096K, 58% used [0x0000000080000000,0x000000008b9da3c0,0x0000000093c80000)
 Metaspace       used 72954K, committed 74432K, reserved 1114112K
  class space    used 9097K, committed 9728K, reserved 1048576K
}
Event: 76.337 GC heap after
{Heap after GC invocations=203 (full 3):
 PSYoungGen      total 10240K, used 320K [0x00000000d5580000, 0x00000000d6100000, 0x0000000100000000)
  eden space 9728K, 0% used [0x00000000d5580000,0x00000000d5580000,0x00000000d5f00000)
  from space 512K, 62% used [0x00000000d6080000,0x00000000d60d0000,0x00000000d6100000)
  to   space 512K, 0% used [0x00000000d6000000,0x00000000d6000000,0x00000000d6080000)
 ParOldGen       total 324096K, used 190376K [0x0000000080000000, 0x0000000093c80000, 0x00000000d5580000)
  object space 324096K, 58% used [0x0000000080000000,0x000000008b9ea3c0,0x0000000093c80000)
 Metaspace       used 72954K, committed 74432K, reserved 1114112K
  class space    used 9097K, committed 9728K, reserved 1048576K
}
Event: 80.934 GC heap before
{Heap before GC invocations=204 (full 3):
 PSYoungGen      total 10240K, used 10048K [0x00000000d5580000, 0x00000000d6100000, 0x0000000100000000)
  eden space 9728K, 100% used [0x00000000d5580000,0x00000000d5f00000,0x00000000d5f00000)
  from space 512K, 62% used [0x00000000d6080000,0x00000000d60d0000,0x00000000d6100000)
  to   space 512K, 0% used [0x00000000d6000000,0x00000000d6000000,0x00000000d6080000)
 ParOldGen       total 324096K, used 190376K [0x0000000080000000, 0x0000000093c80000, 0x00000000d5580000)
  object space 324096K, 58% used [0x0000000080000000,0x000000008b9ea3c0,0x0000000093c80000)
 Metaspace       used 72973K, committed 74432K, reserved 1114112K
  class space    used 9097K, committed 9728K, reserved 1048576K
}
Event: 80.934 GC heap after
{Heap after GC invocations=204 (full 3):
 PSYoungGen      total 10240K, used 224K [0x00000000d5580000, 0x00000000d6100000, 0x0000000100000000)
  eden space 9728K, 0% used [0x00000000d5580000,0x00000000d5580000,0x00000000d5f00000)
  from space 512K, 43% used [0x00000000d6000000,0x00000000d6038000,0x00000000d6080000)
  to   space 512K, 0% used [0x00000000d6080000,0x00000000d6080000,0x00000000d6100000)
 ParOldGen       total 324096K, used 190472K [0x0000000080000000, 0x0000000093c80000, 0x00000000d5580000)
  object space 324096K, 58% used [0x0000000080000000,0x000000008ba023c0,0x0000000093c80000)
 Metaspace       used 72973K, committed 74432K, reserved 1114112K
  class space    used 9097K, committed 9728K, reserved 1048576K
}

