# JRE version: Java(TM) SE Runtime Environment (17.0.12+8) (build 17.0.12+8-LTS-286)
# Java VM: Java HotSpot(TM) 64-Bit Server VM (17.0.12+8-LTS-286, mixed mode, sharing, tiered, compressed oops, compressed class ptrs, g1 gc, windows-amd64)
GC Precious Log:
 CPUs: 12 total, 12 available
 Memory: 16234M
 Large Page Support: Disabled
 NUMA Support: Disabled
 Compressed Oops: Enabled (Zero based)
 Heap Region Size: 2M
 Heap Min Capacity: 8M
 Heap Initial Capacity: 254M
 Heap Max Capacity: 4G
 Pre-touch: Disabled
 Parallel Workers: 10
 Concurrent Workers: 3
 Concurrent Refinement Workers: 10
 Periodic GC: Disabled
Heap:
 garbage-first heap   total 155648K, used 94523K [0x0000000700000000, 0x0000000800000000)
  region size 2048K, 11 young (22528K), 4 survivors (8192K)
 Metaspace       used 81842K, committed 82816K, reserved 983040K
  class space    used 11357K, committed 11840K, reserved 851968K
GC Heap History (20 events):
Event: 13.124 GC heap before
{Heap before GC invocations=13 (full 0):
 garbage-first heap   total 155648K, used 114083K [0x0000000700000000, 0x0000000800000000)
  region size 2048K, 38 young (77824K), 1 survivors (2048K)
 Metaspace       used 47362K, committed 48000K, reserved 917504K
  class space    used 6635K, committed 6976K, reserved 851968K
}
Event: 13.127 GC heap after
{Heap after GC invocations=14 (full 0):
 garbage-first heap   total 155648K, used 41245K [0x0000000700000000, 0x0000000800000000)
  region size 2048K, 2 young (4096K), 2 survivors (4096K)
 Metaspace       used 47362K, committed 48000K, reserved 917504K
  class space    used 6635K, committed 6976K, reserved 851968K
}
Event: 14.812 GC heap before
{Heap before GC invocations=14 (full 0):
 garbage-first heap   total 155648K, used 119069K [0x0000000700000000, 0x0000000800000000)
  region size 2048K, 40 young (81920K), 2 survivors (4096K)
 Metaspace       used 55002K, committed 55680K, reserved 917504K
  class space    used 7706K, committed 8000K, reserved 851968K
}
Event: 14.816 GC heap after
{Heap after GC invocations=15 (full 0):
 garbage-first heap   total 155648K, used 45152K [0x0000000700000000, 0x0000000800000000)
  region size 2048K, 4 young (8192K), 4 survivors (8192K)
 Metaspace       used 55002K, committed 55680K, reserved 917504K
  class space    used 7706K, committed 8000K, reserved 851968K
}
Event: 19.129 GC heap before
{Heap before GC invocations=15 (full 0):
 garbage-first heap   total 155648K, used 125024K [0x0000000700000000, 0x0000000800000000)
  region size 2048K, 41 young (83968K), 4 survivors (8192K)
 Metaspace       used 59413K, committed 60096K, reserved 917504K
  class space    used 8295K, committed 8640K, reserved 851968K
}
Event: 19.135 GC heap after
{Heap after GC invocations=16 (full 0):
 garbage-first heap   total 155648K, used 58871K [0x0000000700000000, 0x0000000800000000)
  region size 2048K, 5 young (10240K), 5 survivors (10240K)
 Metaspace       used 59413K, committed 60096K, reserved 917504K
  class space    used 8295K, committed 8640K, reserved 851968K
}
Event: 21.547 GC heap before
{Heap before GC invocations=17 (full 0):
 garbage-first heap   total 155648K, used 122359K [0x0000000700000000, 0x0000000800000000)
  region size 2048K, 36 young (73728K), 5 survivors (10240K)
 Metaspace       used 63945K, committed 64704K, reserved 917504K
  class space    used 8971K, committed 9344K, reserved 851968K
}
Event: 21.552 GC heap after
{Heap after GC invocations=18 (full 0):
 garbage-first heap   total 155648K, used 61453K [0x0000000700000000, 0x0000000800000000)
  region size 2048K, 4 young (8192K), 4 survivors (8192K)
 Metaspace       used 63945K, committed 64704K, reserved 917504K
  class space    used 8971K, committed 9344K, reserved 851968K
}
Event: 21.591 GC heap before
{Heap before GC invocations=18 (full 0):
 garbage-first heap   total 155648K, used 63501K [0x0000000700000000, 0x0000000800000000)
  region size 2048K, 5 young (10240K), 4 survivors (8192K)
 Metaspace       used 64109K, committed 64832K, reserved 917504K
  class space    used 8996K, committed 9344K, reserved 851968K
}
Event: 21.596 GC heap after
{Heap after GC invocations=19 (full 0):
 garbage-first heap   total 155648K, used 61801K [0x0000000700000000, 0x0000000800000000)
  region size 2048K, 1 young (2048K), 1 survivors (2048K)
 Metaspace       used 64109K, committed 64832K, reserved 917504K
  class space    used 8996K, committed 9344K, reserved 851968K
}
Event: 23.055 GC heap before
{Heap before GC invocations=19 (full 0):
 garbage-first heap   total 155648K, used 125289K [0x0000000700000000, 0x0000000800000000)
  region size 2048K, 32 young (65536K), 1 survivors (2048K)
 Metaspace       used 67531K, committed 68288K, reserved 917504K
  class space    used 9530K, committed 9856K, reserved 851968K
}
Event: 23.058 GC heap after
{Heap after GC invocations=20 (full 0):
 garbage-first heap   total 155648K, used 63179K [0x0000000700000000, 0x0000000800000000)
  region size 2048K, 2 young (4096K), 2 survivors (4096K)
 Metaspace       used 67531K, committed 68288K, reserved 917504K
  class space    used 9530K, committed 9856K, reserved 851968K
}
Event: 25.578 GC heap before
{Heap before GC invocations=20 (full 0):
 garbage-first heap   total 155648K, used 124619K [0x0000000700000000, 0x0000000800000000)
  region size 2048K, 32 young (65536K), 2 survivors (4096K)
 Metaspace       used 70322K, committed 71296K, reserved 917504K
  class space    used 9925K, committed 10368K, reserved 851968K
}
Event: 25.582 GC heap after
{Heap after GC invocations=21 (full 0):
 garbage-first heap   total 155648K, used 66323K [0x0000000700000000, 0x0000000800000000)
  region size 2048K, 3 young (6144K), 3 survivors (6144K)
 Metaspace       used 70322K, committed 71296K, reserved 917504K
  class space    used 9925K, committed 10368K, reserved 851968K
}
Event: 31.752 GC heap before
{Heap before GC invocations=21 (full 0):
 garbage-first heap   total 155648K, used 125715K [0x0000000700000000, 0x0000000800000000)
  region size 2048K, 32 young (65536K), 3 survivors (6144K)
 Metaspace       used 74532K, committed 75456K, reserved 917504K
  class space    used 10603K, committed 11072K, reserved 851968K
}
Event: 31.761 GC heap after
{Heap after GC invocations=22 (full 0):
 garbage-first heap   total 155648K, used 70379K [0x0000000700000000, 0x0000000800000000)
  region size 2048K, 4 young (8192K), 4 survivors (8192K)
 Metaspace       used 74532K, committed 75456K, reserved 917504K
  class space    used 10603K, committed 11072K, reserved 851968K
}
Event: 34.005 GC heap before
{Heap before GC invocations=22 (full 0):
 garbage-first heap   total 155648K, used 129771K [0x0000000700000000, 0x0000000800000000)
  region size 2048K, 32 young (65536K), 4 survivors (8192K)
 Metaspace       used 80235K, committed 81152K, reserved 983040K
  class space    used 11205K, committed 11648K, reserved 851968K
}
Event: 34.010 GC heap after
{Heap after GC invocations=23 (full 0):
 garbage-first heap   total 155648K, used 77646K [0x0000000700000000, 0x0000000800000000)
  region size 2048K, 4 young (8192K), 4 survivors (8192K)
 Metaspace       used 80235K, committed 81152K, reserved 983040K
  class space    used 11205K, committed 11648K, reserved 851968K
}
Event: 38.547 GC heap before
{Heap before GC invocations=23 (full 0):
 garbage-first heap   total 155648K, used 124750K [0x0000000700000000, 0x0000000800000000)
  region size 2048K, 28 young (57344K), 4 survivors (8192K)
 Metaspace       used 81760K, committed 82752K, reserved 983040K
  class space    used 11357K, committed 11840K, reserved 851968K
}
Event: 38.553 GC heap after
{Heap after GC invocations=24 (full 0):
 garbage-first heap   total 155648K, used 82235K [0x0000000700000000, 0x0000000800000000)
  region size 2048K, 4 young (8192K), 4 survivors (8192K)
 Metaspace       used 81760K, committed 82752K, reserved 983040K
  class space    used 11357K, committed 11840K, reserved 851968K
}

